\BOOKMARK [0][-]{chapter.1}{\376\377\0001\000\040\000T\000a\000b\000l\000e\000\040\000o\000f\000\040\000c\000o\000n\000t\000e\000t\000s}{}% 1
\BOOKMARK [0][-]{chapter.2}{\376\377\0002\000\040\000N\000a\000m\000e\000s\000p\000a\000c\000e\000\040\000I\000n\000d\000e\000x}{}% 2
\BOOKMARK [1][-]{section.2.1}{\376\377\0002\000.\0001\000\040\000N\000a\000m\000e\000s\000p\000a\000c\000e\000\040\000L\000i\000s\000t}{chapter.2}% 3
\BOOKMARK [0][-]{chapter.3}{\376\377\0003\000\040\000C\000l\000a\000s\000s\000\040\000I\000n\000d\000e\000x}{}% 4
\BOOKMARK [1][-]{section.3.1}{\376\377\0003\000.\0001\000\040\000C\000l\000a\000s\000s\000\040\000L\000i\000s\000t}{chapter.3}% 5
\BOOKMARK [0][-]{chapter.4}{\376\377\0004\000\040\000F\000i\000l\000e\000\040\000I\000n\000d\000e\000x}{}% 6
\BOOKMARK [1][-]{section.4.1}{\376\377\0004\000.\0001\000\040\000F\000i\000l\000e\000\040\000L\000i\000s\000t}{chapter.4}% 7
\BOOKMARK [0][-]{chapter.5}{\376\377\0005\000\040\000N\000a\000m\000e\000s\000p\000a\000c\000e\000\040\000D\000o\000c\000u\000m\000e\000n\000t\000a\000t\000i\000o\000n}{}% 8
\BOOKMARK [1][-]{section.5.1}{\376\377\0005\000.\0001\000\040\000v\000a\000r\000\040\000N\000a\000m\000e\000s\000p\000a\000c\000e\000\040\000R\000e\000f\000e\000r\000e\000n\000c\000e}{chapter.5}% 9
\BOOKMARK [1][-]{section.5.2}{\376\377\0005\000.\0002\000\040\000v\000e\000c\000\040\000N\000a\000m\000e\000s\000p\000a\000c\000e\000\040\000R\000e\000f\000e\000r\000e\000n\000c\000e}{chapter.5}% 10
\BOOKMARK [2][-]{subsection.5.2.1}{\376\377\0005\000.\0002\000.\0001\000\040\000F\000u\000n\000c\000t\000i\000o\000n\000\040\000D\000o\000c\000u\000m\000e\000n\000t\000a\000t\000i\000o\000n}{section.5.2}% 11
\BOOKMARK [3][-]{subsubsection.5.2.1.1}{\376\377\0005\000.\0002\000.\0001\000.\0001\000\040\000a\000c\000o\000s\000\050\000\051}{subsection.5.2.1}% 12
\BOOKMARK [3][-]{subsubsection.5.2.1.2}{\376\377\0005\000.\0002\000.\0001\000.\0002\000\040\000a\000c\000o\000s\000h\000\050\000\051}{subsection.5.2.1}% 13
\BOOKMARK [3][-]{subsubsection.5.2.1.3}{\376\377\0005\000.\0002\000.\0001\000.\0003\000\040\000a\000c\000o\000t\000\050\000\051}{subsection.5.2.1}% 14
\BOOKMARK [3][-]{subsubsection.5.2.1.4}{\376\377\0005\000.\0002\000.\0001\000.\0004\000\040\000a\000c\000o\000t\000h\000\050\000\051}{subsection.5.2.1}% 15
\BOOKMARK [3][-]{subsubsection.5.2.1.5}{\376\377\0005\000.\0002\000.\0001\000.\0005\000\040\000a\000c\000s\000c\000\050\000\051}{subsection.5.2.1}% 16
\BOOKMARK [3][-]{subsubsection.5.2.1.6}{\376\377\0005\000.\0002\000.\0001\000.\0006\000\040\000a\000c\000s\000c\000h\000\050\000\051}{subsection.5.2.1}% 17
\BOOKMARK [3][-]{subsubsection.5.2.1.7}{\376\377\0005\000.\0002\000.\0001\000.\0007\000\040\000a\000s\000e\000c\000\050\000\051}{subsection.5.2.1}% 18
\BOOKMARK [3][-]{subsubsection.5.2.1.8}{\376\377\0005\000.\0002\000.\0001\000.\0008\000\040\000a\000s\000e\000c\000h\000\050\000\051}{subsection.5.2.1}% 19
\BOOKMARK [3][-]{subsubsection.5.2.1.9}{\376\377\0005\000.\0002\000.\0001\000.\0009\000\040\000a\000s\000i\000n\000\050\000\051}{subsection.5.2.1}% 20
\BOOKMARK [3][-]{subsubsection.5.2.1.10}{\376\377\0005\000.\0002\000.\0001\000.\0001\0000\000\040\000a\000s\000i\000n\000h\000\050\000\051}{subsection.5.2.1}% 21
\BOOKMARK [3][-]{subsubsection.5.2.1.11}{\376\377\0005\000.\0002\000.\0001\000.\0001\0001\000\040\000a\000t\000a\000n\000\050\000\051}{subsection.5.2.1}% 22
\BOOKMARK [3][-]{subsubsection.5.2.1.12}{\376\377\0005\000.\0002\000.\0001\000.\0001\0002\000\040\000a\000t\000a\000n\000h\000\050\000\051}{subsection.5.2.1}% 23
\BOOKMARK [3][-]{subsubsection.5.2.1.13}{\376\377\0005\000.\0002\000.\0001\000.\0001\0003\000\040\000c\000o\000s\000\050\000\051}{subsection.5.2.1}% 24
\BOOKMARK [3][-]{subsubsection.5.2.1.14}{\376\377\0005\000.\0002\000.\0001\000.\0001\0004\000\040\000c\000o\000s\000h\000\050\000\051}{subsection.5.2.1}% 25
\BOOKMARK [3][-]{subsubsection.5.2.1.15}{\376\377\0005\000.\0002\000.\0001\000.\0001\0005\000\040\000c\000o\000t\000\050\000\051}{subsection.5.2.1}% 26
\BOOKMARK [3][-]{subsubsection.5.2.1.16}{\376\377\0005\000.\0002\000.\0001\000.\0001\0006\000\040\000c\000o\000t\000h\000\050\000\051}{subsection.5.2.1}% 27
\BOOKMARK [3][-]{subsubsection.5.2.1.17}{\376\377\0005\000.\0002\000.\0001\000.\0001\0007\000\040\000c\000r\000o\000s\000s\000\050\000\051}{subsection.5.2.1}% 28
\BOOKMARK [3][-]{subsubsection.5.2.1.18}{\376\377\0005\000.\0002\000.\0001\000.\0001\0008\000\040\000c\000s\000c\000\050\000\051}{subsection.5.2.1}% 29
\BOOKMARK [3][-]{subsubsection.5.2.1.19}{\376\377\0005\000.\0002\000.\0001\000.\0001\0009\000\040\000c\000s\000c\000h\000\050\000\051}{subsection.5.2.1}% 30
\BOOKMARK [3][-]{subsubsection.5.2.1.20}{\376\377\0005\000.\0002\000.\0001\000.\0002\0000\000\040\000d\000o\000t\000\050\000\051}{subsection.5.2.1}% 31
\BOOKMARK [3][-]{subsubsection.5.2.1.21}{\376\377\0005\000.\0002\000.\0001\000.\0002\0001\000\040\000e\000x\000p\000\050\000\051}{subsection.5.2.1}% 32
\BOOKMARK [3][-]{subsubsection.5.2.1.22}{\376\377\0005\000.\0002\000.\0001\000.\0002\0002\000\040\000p\000o\000w\000\050\000\051\000\040\000[\0001\000/\0002\000]}{subsection.5.2.1}% 33
\BOOKMARK [3][-]{subsubsection.5.2.1.23}{\376\377\0005\000.\0002\000.\0001\000.\0002\0003\000\040\000p\000o\000w\000\050\000\051\000\040\000[\0002\000/\0002\000]}{subsection.5.2.1}% 34
\BOOKMARK [3][-]{subsubsection.5.2.1.24}{\376\377\0005\000.\0002\000.\0001\000.\0002\0004\000\040\000s\000e\000c\000\050\000\051}{subsection.5.2.1}% 35
\BOOKMARK [3][-]{subsubsection.5.2.1.25}{\376\377\0005\000.\0002\000.\0001\000.\0002\0005\000\040\000s\000e\000c\000h\000\050\000\051}{subsection.5.2.1}% 36
\BOOKMARK [3][-]{subsubsection.5.2.1.26}{\376\377\0005\000.\0002\000.\0001\000.\0002\0006\000\040\000s\000i\000n\000\050\000\051}{subsection.5.2.1}% 37
\BOOKMARK [3][-]{subsubsection.5.2.1.27}{\376\377\0005\000.\0002\000.\0001\000.\0002\0007\000\040\000s\000i\000n\000h\000\050\000\051}{subsection.5.2.1}% 38
\BOOKMARK [3][-]{subsubsection.5.2.1.28}{\376\377\0005\000.\0002\000.\0001\000.\0002\0008\000\040\000t\000a\000n\000\050\000\051}{subsection.5.2.1}% 39
\BOOKMARK [3][-]{subsubsection.5.2.1.29}{\376\377\0005\000.\0002\000.\0001\000.\0002\0009\000\040\000t\000a\000n\000h\000\050\000\051}{subsection.5.2.1}% 40
\BOOKMARK [0][-]{chapter.6}{\376\377\0006\000\040\000C\000l\000a\000s\000s\000\040\000D\000o\000c\000u\000m\000e\000n\000t\000a\000t\000i\000o\000n}{}% 41
\BOOKMARK [1][-]{section.6.1}{\376\377\0006\000.\0001\000\040\000v\000a\000r\000:\000:\000m\000a\000t\000r\000i\000x\000<\000\040\000S\000\040\000>\000\040\000C\000l\000a\000s\000s\000\040\000T\000e\000m\000p\000l\000a\000t\000e\000\040\000R\000e\000f\000e\000r\000e\000n\000c\000e}{chapter.6}% 42
\BOOKMARK [2][-]{subsection.6.1.1}{\376\377\0006\000.\0001\000.\0001\000\040\000D\000e\000t\000a\000i\000l\000e\000d\000\040\000D\000e\000s\000c\000r\000i\000p\000t\000i\000o\000n}{section.6.1}% 43
\BOOKMARK [2][-]{subsection.6.1.2}{\376\377\0006\000.\0001\000.\0002\000\040\000C\000o\000n\000s\000t\000r\000u\000c\000t\000o\000r\000\040\000\046\000\040\000D\000e\000s\000t\000r\000u\000c\000t\000o\000r\000\040\000D\000o\000c\000u\000m\000e\000n\000t\000a\000t\000i\000o\000n}{section.6.1}% 44
\BOOKMARK [3][-]{subsubsection.6.1.2.1}{\376\377\0006\000.\0001\000.\0002\000.\0001\000\040\000m\000a\000t\000r\000i\000x\000\050\000\051\000\040\000[\0001\000/\0003\000]}{subsection.6.1.2}% 45
\BOOKMARK [3][-]{subsubsection.6.1.2.2}{\376\377\0006\000.\0001\000.\0002\000.\0002\000\040\000m\000a\000t\000r\000i\000x\000\050\000\051\000\040\000[\0002\000/\0003\000]}{subsection.6.1.2}% 46
\BOOKMARK [3][-]{subsubsection.6.1.2.3}{\376\377\0006\000.\0001\000.\0002\000.\0003\000\040\000m\000a\000t\000r\000i\000x\000\050\000\051\000\040\000[\0003\000/\0003\000]}{subsection.6.1.2}% 47
\BOOKMARK [2][-]{subsection.6.1.3}{\376\377\0006\000.\0001\000.\0003\000\040\000M\000e\000m\000b\000e\000r\000\040\000F\000u\000n\000c\000t\000i\000o\000n\000\040\000D\000o\000c\000u\000m\000e\000n\000t\000a\000t\000i\000o\000n}{section.6.1}% 48
\BOOKMARK [3][-]{subsubsection.6.1.3.1}{\376\377\0006\000.\0001\000.\0003\000.\0001\000\040\000c\000o\000l\000\050\000\051}{subsection.6.1.3}% 49
\BOOKMARK [3][-]{subsubsection.6.1.3.2}{\376\377\0006\000.\0001\000.\0003\000.\0002\000\040\000c\000o\000l\000\137\000o\000p\000\050\000\051}{subsection.6.1.3}% 50
\BOOKMARK [3][-]{subsubsection.6.1.3.3}{\376\377\0006\000.\0001\000.\0003\000.\0003\000\040\000d\000e\000t\000\050\000\051}{subsection.6.1.3}% 51
\BOOKMARK [3][-]{subsubsection.6.1.3.4}{\376\377\0006\000.\0001\000.\0003\000.\0004\000\040\000i\000n\000s\000e\000r\000t\000\137\000c\000o\000l\000\050\000\051\000\040\000[\0001\000/\0002\000]}{subsection.6.1.3}% 52
\BOOKMARK [3][-]{subsubsection.6.1.3.5}{\376\377\0006\000.\0001\000.\0003\000.\0005\000\040\000i\000n\000s\000e\000r\000t\000\137\000c\000o\000l\000\050\000\051\000\040\000[\0002\000/\0002\000]}{subsection.6.1.3}% 53
\BOOKMARK [3][-]{subsubsection.6.1.3.6}{\376\377\0006\000.\0001\000.\0003\000.\0006\000\040\000i\000n\000s\000e\000r\000t\000\137\000r\000o\000w\000\050\000\051\000\040\000[\0001\000/\0002\000]}{subsection.6.1.3}% 54
\BOOKMARK [3][-]{subsubsection.6.1.3.7}{\376\377\0006\000.\0001\000.\0003\000.\0007\000\040\000i\000n\000s\000e\000r\000t\000\137\000r\000o\000w\000\050\000\051\000\040\000[\0002\000/\0002\000]}{subsection.6.1.3}% 55
\BOOKMARK [3][-]{subsubsection.6.1.3.8}{\376\377\0006\000.\0001\000.\0003\000.\0008\000\040\000i\000n\000v\000\050\000\051}{subsection.6.1.3}% 56
\BOOKMARK [3][-]{subsubsection.6.1.3.9}{\376\377\0006\000.\0001\000.\0003\000.\0009\000\040\000i\000s\000\137\000i\000d\000e\000n\000t\000i\000t\000y\000\050\000\051}{subsection.6.1.3}% 57
\BOOKMARK [3][-]{subsubsection.6.1.3.10}{\376\377\0006\000.\0001\000.\0003\000.\0001\0000\000\040\000i\000s\000\137\000s\000q\000u\000a\000r\000e\000\050\000\051}{subsection.6.1.3}% 58
\BOOKMARK [3][-]{subsubsection.6.1.3.11}{\376\377\0006\000.\0001\000.\0003\000.\0001\0001\000\040\000o\000p\000e\000r\000a\000t\000o\000r\000*\000\050\000\051}{subsection.6.1.3}% 59
\BOOKMARK [3][-]{subsubsection.6.1.3.12}{\376\377\0006\000.\0001\000.\0003\000.\0001\0002\000\040\000o\000p\000e\000r\000a\000t\000o\000r\000+\000\050\000\051}{subsection.6.1.3}% 60
\BOOKMARK [3][-]{subsubsection.6.1.3.13}{\376\377\0006\000.\0001\000.\0003\000.\0001\0003\000\040\000o\000p\000e\000r\000a\000t\000o\000r\000-\000\050\000\051}{subsection.6.1.3}% 61
\BOOKMARK [3][-]{subsubsection.6.1.3.14}{\376\377\0006\000.\0001\000.\0003\000.\0001\0004\000\040\000o\000p\000e\000r\000a\000t\000o\000r\000/\000\050\000\051}{subsection.6.1.3}% 62
\BOOKMARK [3][-]{subsubsection.6.1.3.15}{\376\377\0006\000.\0001\000.\0003\000.\0001\0005\000\040\000o\000p\000e\000r\000a\000t\000o\000r\000[\000]\000\050\000\051}{subsection.6.1.3}% 63
\BOOKMARK [3][-]{subsubsection.6.1.3.16}{\376\377\0006\000.\0001\000.\0003\000.\0001\0006\000\040\000r\000e\000s\000i\000z\000e\000\050\000\051}{subsection.6.1.3}% 64
\BOOKMARK [3][-]{subsubsection.6.1.3.17}{\376\377\0006\000.\0001\000.\0003\000.\0001\0007\000\040\000r\000o\000w\000\050\000\051}{subsection.6.1.3}% 65
\BOOKMARK [3][-]{subsubsection.6.1.3.18}{\376\377\0006\000.\0001\000.\0003\000.\0001\0008\000\040\000r\000o\000w\000\137\000o\000p\000\050\000\051}{subsection.6.1.3}% 66
\BOOKMARK [3][-]{subsubsection.6.1.3.19}{\376\377\0006\000.\0001\000.\0003\000.\0001\0009\000\040\000r\000r\000e\000f\000\050\000\051}{subsection.6.1.3}% 67
\BOOKMARK [3][-]{subsubsection.6.1.3.20}{\376\377\0006\000.\0001\000.\0003\000.\0002\0000\000\040\000s\000i\000z\000e\000\050\000\051}{subsection.6.1.3}% 68
\BOOKMARK [3][-]{subsubsection.6.1.3.21}{\376\377\0006\000.\0001\000.\0003\000.\0002\0001\000\040\000s\000o\000r\000t\000\137\000c\000o\000l\000\050\000\051}{subsection.6.1.3}% 69
\BOOKMARK [3][-]{subsubsection.6.1.3.22}{\376\377\0006\000.\0001\000.\0003\000.\0002\0002\000\040\000s\000o\000r\000t\000\137\000c\000o\000l\000s\000\050\000\051}{subsection.6.1.3}% 70
\BOOKMARK [3][-]{subsubsection.6.1.3.23}{\376\377\0006\000.\0001\000.\0003\000.\0002\0003\000\040\000s\000o\000r\000t\000\137\000r\000o\000w\000\050\000\051}{subsection.6.1.3}% 71
\BOOKMARK [3][-]{subsubsection.6.1.3.24}{\376\377\0006\000.\0001\000.\0003\000.\0002\0004\000\040\000s\000o\000r\000t\000\137\000r\000o\000w\000s\000\050\000\051}{subsection.6.1.3}% 72
\BOOKMARK [3][-]{subsubsection.6.1.3.25}{\376\377\0006\000.\0001\000.\0003\000.\0002\0005\000\040\000s\000u\000m\000\050\000\051}{subsection.6.1.3}% 73
\BOOKMARK [3][-]{subsubsection.6.1.3.26}{\376\377\0006\000.\0001\000.\0003\000.\0002\0006\000\040\000T\000\050\000\051}{subsection.6.1.3}% 74
\BOOKMARK [3][-]{subsubsection.6.1.3.27}{\376\377\0006\000.\0001\000.\0003\000.\0002\0007\000\040\000t\000u\000r\000n\000\137\000t\000o\000\050\000\051}{subsection.6.1.3}% 75
\BOOKMARK [2][-]{subsection.6.1.4}{\376\377\0006\000.\0001\000.\0004\000\040\000F\000r\000i\000e\000n\000d\000s\000\040\000A\000n\000d\000\040\000R\000e\000l\000a\000t\000e\000d\000\040\000F\000u\000n\000c\000t\000i\000o\000n\000\040\000D\000o\000c\000u\000m\000e\000n\000t\000a\000t\000i\000o\000n}{section.6.1}% 76
\BOOKMARK [3][-]{subsubsection.6.1.4.1}{\376\377\0006\000.\0001\000.\0004\000.\0001\000\040\000o\000p\000e\000r\000a\000t\000o\000r\000<\000<}{subsection.6.1.4}% 77
\BOOKMARK [2][-]{subsection.6.1.5}{\376\377\0006\000.\0001\000.\0005\000\040\000M\000e\000m\000b\000e\000r\000\040\000D\000a\000t\000a\000\040\000D\000o\000c\000u\000m\000e\000n\000t\000a\000t\000i\000o\000n}{section.6.1}% 78
\BOOKMARK [3][-]{subsubsection.6.1.5.1}{\376\377\0006\000.\0001\000.\0005\000.\0001\000\040\000\137\000c\000o\000l}{subsection.6.1.5}% 79
\BOOKMARK [3][-]{subsubsection.6.1.5.2}{\376\377\0006\000.\0001\000.\0005\000.\0002\000\040\000\137\000r\000o\000w}{subsection.6.1.5}% 80
\BOOKMARK [3][-]{subsubsection.6.1.5.3}{\376\377\0006\000.\0001\000.\0005\000.\0003\000\040\000d\000a\000t\000a}{subsection.6.1.5}% 81
\BOOKMARK [1][-]{section.6.2}{\376\377\0006\000.\0002\000\040\000v\000a\000r\000:\000:\000m\000a\000t\000r\000i\000x\000<\000\040\000S\000\040\000>\000:\000:\000R\000o\000w\000\040\000C\000l\000a\000s\000s\000\040\000R\000e\000f\000e\000r\000e\000n\000c\000e}{chapter.6}% 82
\BOOKMARK [2][-]{subsection.6.2.1}{\376\377\0006\000.\0002\000.\0001\000\040\000C\000o\000n\000s\000t\000r\000u\000c\000t\000o\000r\000\040\000\046\000\040\000D\000e\000s\000t\000r\000u\000c\000t\000o\000r\000\040\000D\000o\000c\000u\000m\000e\000n\000t\000a\000t\000i\000o\000n}{section.6.2}% 83
\BOOKMARK [3][-]{subsubsection.6.2.1.1}{\376\377\0006\000.\0002\000.\0001\000.\0001\000\040\000R\000o\000w\000\050\000\051}{subsection.6.2.1}% 84
\BOOKMARK [2][-]{subsection.6.2.2}{\376\377\0006\000.\0002\000.\0002\000\040\000M\000e\000m\000b\000e\000r\000\040\000F\000u\000n\000c\000t\000i\000o\000n\000\040\000D\000o\000c\000u\000m\000e\000n\000t\000a\000t\000i\000o\000n}{section.6.2}% 85
\BOOKMARK [3][-]{subsubsection.6.2.2.1}{\376\377\0006\000.\0002\000.\0002\000.\0001\000\040\000o\000p\000e\000r\000a\000t\000o\000r\000[\000]\000\050\000\051}{subsection.6.2.2}% 86
\BOOKMARK [2][-]{subsection.6.2.3}{\376\377\0006\000.\0002\000.\0003\000\040\000M\000e\000m\000b\000e\000r\000\040\000D\000a\000t\000a\000\040\000D\000o\000c\000u\000m\000e\000n\000t\000a\000t\000i\000o\000n}{section.6.2}% 87
\BOOKMARK [3][-]{subsubsection.6.2.3.1}{\376\377\0006\000.\0002\000.\0003\000.\0001\000\040\000\137\000a}{subsection.6.2.3}% 88
\BOOKMARK [3][-]{subsubsection.6.2.3.2}{\376\377\0006\000.\0002\000.\0003\000.\0002\000\040\000\137\000i}{subsection.6.2.3}% 89
\BOOKMARK [0][-]{chapter.7}{\376\377\0007\000\040\000F\000i\000l\000e\000\040\000D\000o\000c\000u\000m\000e\000n\000t\000a\000t\000i\000o\000n}{}% 90
\BOOKMARK [1][-]{section.7.1}{\376\377\0007\000.\0001\000\040\000i\000n\000c\000l\000u\000d\000e\000s\000/\000m\000c\000p\000p\000.\000h\000p\000p\000\040\000F\000i\000l\000e\000\040\000R\000e\000f\000e\000r\000e\000n\000c\000e}{chapter.7}% 91
\BOOKMARK [1][-]{section.7.2}{\376\377\0007\000.\0002\000\040\000i\000n\000c\000l\000u\000d\000e\000s\000/\000m\000i\000s\000c\000/\000c\000o\000n\000s\000t\000a\000n\000t\000s\000.\000h\000p\000p\000\040\000F\000i\000l\000e\000\040\000R\000e\000f\000e\000r\000e\000n\000c\000e}{chapter.7}% 92
\BOOKMARK [2][-]{subsection.7.2.1}{\376\377\0007\000.\0002\000.\0001\000\040\000T\000y\000p\000e\000d\000e\000f\000\040\000D\000o\000c\000u\000m\000e\000n\000t\000a\000t\000i\000o\000n}{section.7.2}% 93
\BOOKMARK [3][-]{subsubsection.7.2.1.1}{\376\377\0007\000.\0002\000.\0001\000.\0001\000\040\000t\000a\000b\000l\000e}{subsection.7.2.1}% 94
\BOOKMARK [1][-]{section.7.3}{\376\377\0007\000.\0003\000\040\000i\000n\000c\000l\000u\000d\000e\000s\000/\000p\000l\000o\000t\000/\000f\000i\000g\000u\000r\000e\000.\000h\000p\000p\000\040\000F\000i\000l\000e\000\040\000R\000e\000f\000e\000r\000e\000n\000c\000e}{chapter.7}% 95
\BOOKMARK [2][-]{subsection.7.3.1}{\376\377\0007\000.\0003\000.\0001\000\040\000F\000u\000n\000c\000t\000i\000o\000n\000\040\000D\000o\000c\000u\000m\000e\000n\000t\000a\000t\000i\000o\000n}{section.7.3}% 96
\BOOKMARK [3][-]{subsubsection.7.3.1.1}{\376\377\0007\000.\0003\000.\0001\000.\0001\000\040\000c\000h\000e\000c\000k\000\137\000p\000a\000r\000a\000m\000\050\000\051}{subsection.7.3.1}% 97
\BOOKMARK [3][-]{subsubsection.7.3.1.2}{\376\377\0007\000.\0003\000.\0001\000.\0002\000\040\000f\000i\000g\000u\000r\000e\000\050\000\051}{subsection.7.3.1}% 98
\BOOKMARK [3][-]{subsubsection.7.3.1.3}{\376\377\0007\000.\0003\000.\0001\000.\0003\000\040\000h\000l\000i\000n\000e\000\050\000\051}{subsection.7.3.1}% 99
\BOOKMARK [3][-]{subsubsection.7.3.1.4}{\376\377\0007\000.\0003\000.\0001\000.\0004\000\040\000p\000l\000o\000t\000\050\000\051}{subsection.7.3.1}% 100
\BOOKMARK [3][-]{subsubsection.7.3.1.5}{\376\377\0007\000.\0003\000.\0001\000.\0005\000\040\000p\000o\000i\000n\000t\000\050\000\051}{subsection.7.3.1}% 101
\BOOKMARK [3][-]{subsubsection.7.3.1.6}{\376\377\0007\000.\0003\000.\0001\000.\0006\000\040\000v\000l\000i\000n\000e\000\050\000\051}{subsection.7.3.1}% 102
\BOOKMARK [2][-]{subsection.7.3.2}{\376\377\0007\000.\0003\000.\0002\000\040\000V\000a\000r\000i\000a\000b\000l\000e\000\040\000D\000o\000c\000u\000m\000e\000n\000t\000a\000t\000i\000o\000n}{section.7.3}% 103
\BOOKMARK [3][-]{subsubsection.7.3.2.1}{\376\377\0007\000.\0003\000.\0002\000.\0001\000\040\000B\000L\000A\000C\000K}{subsection.7.3.2}% 104
\BOOKMARK [3][-]{subsubsection.7.3.2.2}{\376\377\0007\000.\0003\000.\0002\000.\0002\000\040\000B\000L\000U\000E}{subsection.7.3.2}% 105
\BOOKMARK [3][-]{subsubsection.7.3.2.3}{\376\377\0007\000.\0003\000.\0002\000.\0003\000\040\000G\000R\000E\000E\000N}{subsection.7.3.2}% 106
\BOOKMARK [3][-]{subsubsection.7.3.2.4}{\376\377\0007\000.\0003\000.\0002\000.\0004\000\040\000R\000E\000D}{subsection.7.3.2}% 107
\BOOKMARK [3][-]{subsubsection.7.3.2.5}{\376\377\0007\000.\0003\000.\0002\000.\0005\000\040\000W\000H\000I\000T\000E}{subsection.7.3.2}% 108
\BOOKMARK [1][-]{section.7.4}{\376\377\0007\000.\0004\000\040\000i\000n\000c\000l\000u\000d\000e\000s\000/\000v\000a\000r\000i\000a\000b\000l\000e\000s\000/\000g\000r\000a\000p\000h\000.\000h\000p\000p\000\040\000F\000i\000l\000e\000\040\000R\000e\000f\000e\000r\000e\000n\000c\000e}{chapter.7}% 109
\BOOKMARK [1][-]{section.7.5}{\376\377\0007\000.\0005\000\040\000i\000n\000c\000l\000u\000d\000e\000s\000/\000v\000a\000r\000i\000a\000b\000l\000e\000s\000/\000m\000a\000t\000r\000i\000x\000.\000h\000p\000p\000\040\000F\000i\000l\000e\000\040\000R\000e\000f\000e\000r\000e\000n\000c\000e}{chapter.7}% 110
\BOOKMARK [1][-]{section.7.6}{\376\377\0007\000.\0006\000\040\000i\000n\000c\000l\000u\000d\000e\000s\000/\000v\000e\000c\000t\000o\000r\000s\000/\000v\000e\000c\000.\000h\000p\000p\000\040\000F\000i\000l\000e\000\040\000R\000e\000f\000e\000r\000e\000n\000c\000e}{chapter.7}% 111
\BOOKMARK [1][-]{section.7.7}{\376\377\0007\000.\0007\000\040\000i\000n\000c\000l\000u\000d\000e\000s\000/\000v\000e\000c\000t\000o\000r\000s\000/\000v\000e\000c\000t\000o\000r\000.\000h\000p\000p\000\040\000F\000i\000l\000e\000\040\000R\000e\000f\000e\000r\000e\000n\000c\000e}{chapter.7}% 112
\BOOKMARK [2][-]{subsection.7.7.1}{\376\377\0007\000.\0007\000.\0001\000\040\000F\000u\000n\000c\000t\000i\000o\000n\000\040\000D\000o\000c\000u\000m\000e\000n\000t\000a\000t\000i\000o\000n}{section.7.7}% 113
\BOOKMARK [3][-]{subsubsection.7.7.1.1}{\376\377\0007\000.\0007\000.\0001\000.\0001\000\040\000o\000p\000e\000r\000a\000t\000o\000r\000\045\000\050\000\051}{subsection.7.7.1}% 114
\BOOKMARK [3][-]{subsubsection.7.7.1.2}{\376\377\0007\000.\0007\000.\0001\000.\0002\000\040\000o\000p\000e\000r\000a\000t\000o\000r\000*\000\050\000\051\000\040\000[\0001\000/\0003\000]}{subsection.7.7.1}% 115
\BOOKMARK [3][-]{subsubsection.7.7.1.3}{\376\377\0007\000.\0007\000.\0001\000.\0003\000\040\000o\000p\000e\000r\000a\000t\000o\000r\000*\000\050\000\051\000\040\000[\0002\000/\0003\000]}{subsection.7.7.1}% 116
\BOOKMARK [3][-]{subsubsection.7.7.1.4}{\376\377\0007\000.\0007\000.\0001\000.\0004\000\040\000o\000p\000e\000r\000a\000t\000o\000r\000*\000\050\000\051\000\040\000[\0003\000/\0003\000]}{subsection.7.7.1}% 117
\BOOKMARK [3][-]{subsubsection.7.7.1.5}{\376\377\0007\000.\0007\000.\0001\000.\0005\000\040\000o\000p\000e\000r\000a\000t\000o\000r\000+\000\050\000\051\000\040\000[\0001\000/\0003\000]}{subsection.7.7.1}% 118
\BOOKMARK [3][-]{subsubsection.7.7.1.6}{\376\377\0007\000.\0007\000.\0001\000.\0006\000\040\000o\000p\000e\000r\000a\000t\000o\000r\000+\000\050\000\051\000\040\000[\0002\000/\0003\000]}{subsection.7.7.1}% 119
\BOOKMARK [3][-]{subsubsection.7.7.1.7}{\376\377\0007\000.\0007\000.\0001\000.\0007\000\040\000o\000p\000e\000r\000a\000t\000o\000r\000+\000\050\000\051\000\040\000[\0003\000/\0003\000]}{subsection.7.7.1}% 120
\BOOKMARK [3][-]{subsubsection.7.7.1.8}{\376\377\0007\000.\0007\000.\0001\000.\0008\000\040\000o\000p\000e\000r\000a\000t\000o\000r\000-\000\050\000\051\000\040\000[\0001\000/\0003\000]}{subsection.7.7.1}% 121
\BOOKMARK [3][-]{subsubsection.7.7.1.9}{\376\377\0007\000.\0007\000.\0001\000.\0009\000\040\000o\000p\000e\000r\000a\000t\000o\000r\000-\000\050\000\051\000\040\000[\0002\000/\0003\000]}{subsection.7.7.1}% 122
\BOOKMARK [3][-]{subsubsection.7.7.1.10}{\376\377\0007\000.\0007\000.\0001\000.\0001\0000\000\040\000o\000p\000e\000r\000a\000t\000o\000r\000-\000\050\000\051\000\040\000[\0003\000/\0003\000]}{subsection.7.7.1}% 123
\BOOKMARK [3][-]{subsubsection.7.7.1.11}{\376\377\0007\000.\0007\000.\0001\000.\0001\0001\000\040\000o\000p\000e\000r\000a\000t\000o\000r\000/\000\050\000\051\000\040\000[\0001\000/\0003\000]}{subsection.7.7.1}% 124
\BOOKMARK [3][-]{subsubsection.7.7.1.12}{\376\377\0007\000.\0007\000.\0001\000.\0001\0002\000\040\000o\000p\000e\000r\000a\000t\000o\000r\000/\000\050\000\051\000\040\000[\0002\000/\0003\000]}{subsection.7.7.1}% 125
\BOOKMARK [3][-]{subsubsection.7.7.1.13}{\376\377\0007\000.\0007\000.\0001\000.\0001\0003\000\040\000o\000p\000e\000r\000a\000t\000o\000r\000/\000\050\000\051\000\040\000[\0003\000/\0003\000]}{subsection.7.7.1}% 126
\BOOKMARK [3][-]{subsubsection.7.7.1.14}{\376\377\0007\000.\0007\000.\0001\000.\0001\0004\000\040\000o\000p\000e\000r\000a\000t\000o\000r\000<\000<\000\050\000\051}{subsection.7.7.1}% 127
\BOOKMARK [1][-]{section.7.8}{\376\377\0007\000.\0008\000\040\000R\000E\000A\000D\000M\000E\000.\000m\000d\000\040\000F\000i\000l\000e\000\040\000R\000e\000f\000e\000r\000e\000n\000c\000e}{chapter.7}% 128
\BOOKMARK [0][-]{section*.31}{\376\377\000I\000n\000d\000e\000x}{}% 129
